Flow report for ship_animation
Mon Dec 02 00:43:23 2013
Quartus II 64-Bit Version 11.1 Build 259 01/25/2012 Service Pack 2.11 SJ Full Version


---------------------
; Table of Contents ;
---------------------
  1. Legal Notice
  2. Flow Summary
  3. Flow Settings
  4. Flow Non-Default Global Settings
  5. Flow Elapsed Time
  6. Flow OS Summary
  7. Flow Log



----------------
; Legal Notice ;
----------------
Copyright (C) 1991-2011 Altera Corporation
Your use of Altera Corporation's design tools, logic functions 
and other software and tools, and its AMPP partner logic 
functions, and any output files from any of the foregoing 
(including device programming or simulation files), and any 
associated documentation or information are expressly subject 
to the terms and conditions of the Altera Program License 
Subscription Agreement, Altera MegaCore Function License 
Agreement, or other applicable license agreement, including, 
without limitation, that your use is for the sole purpose of 
programming logic devices manufactured by Altera and sold by 
Altera or its authorized distributors.  Please refer to the 
applicable agreement for further details.



+----------------------------------------------------------------------------------------+
; Flow Summary                                                                           ;
+------------------------------------+---------------------------------------------------+
; Flow Status                        ; Successful - Mon Dec 02 00:43:16 2013             ;
; Quartus II 64-Bit Version          ; 11.1 Build 259 01/25/2012 SP 2.11 SJ Full Version ;
; Revision Name                      ; ship_animation                                    ;
; Top-level Entity Name              ; ship_animation                                    ;
; Family                             ; Cyclone II                                        ;
; Device                             ; EP2C35F672C6                                      ;
; Timing Models                      ; Final                                             ;
; Total logic elements               ; 1,469 / 33,216 ( 4 % )                            ;
;     Total combinational functions  ; 1,429 / 33,216 ( 4 % )                            ;
;     Dedicated logic registers      ; 640 / 33,216 ( 2 % )                              ;
; Total registers                    ; 640                                               ;
; Total pins                         ; 85 / 475 ( 18 % )                                 ;
; Total virtual pins                 ; 0                                                 ;
; Total memory bits                  ; 354,064 / 483,840 ( 73 % )                        ;
; Embedded Multiplier 9-bit elements ; 0 / 70 ( 0 % )                                    ;
; Total PLLs                         ; 1 / 4 ( 25 % )                                    ;
+------------------------------------+---------------------------------------------------+


+-----------------------------------------+
; Flow Settings                           ;
+-------------------+---------------------+
; Option            ; Setting             ;
+-------------------+---------------------+
; Start date & time ; 12/02/2013 00:42:19 ;
; Main task         ; Compilation         ;
; Revision Name     ; ship_animation      ;
+-------------------+---------------------+


+----------------------------------------------------------------------------------------------------------------------------------------------------------------------+
; Flow Non-Default Global Settings                                                                                                                                     ;
+-------------------------------------+-------------------------------------------------------------------------------------+---------------+-------------+------------+
; Assignment Name                     ; Value                                                                               ; Default Value ; Entity Name ; Section Id ;
+-------------------------------------+-------------------------------------------------------------------------------------+---------------+-------------+------------+
; COMPILER_SIGNATURE_ID               ; 102228232087029.138596293707004                                                     ; --            ; --          ; --         ;
; IP_TOOL_NAME                        ; ROM: 1-PORT                                                                         ; --            ; --          ; --         ;
; IP_TOOL_VERSION                     ; 11.1                                                                                ; --            ; --          ; --         ;
; MAX_CORE_JUNCTION_TEMP              ; 85                                                                                  ; --            ; --          ; --         ;
; MIN_CORE_JUNCTION_TEMP              ; 0                                                                                   ; --            ; --          ; --         ;
; MISC_FILE                           ; //SRVD/Homes$/hossai68/Desktop/with explosion win state/ship animation/you_win_bb.v ; --            ; --          ; --         ;
; PARTITION_COLOR                     ; 16764057                                                                            ; --            ; --          ; Top        ;
; PARTITION_FITTER_PRESERVATION_LEVEL ; PLACEMENT_AND_ROUTING                                                               ; --            ; --          ; Top        ;
; PARTITION_NETLIST_TYPE              ; SOURCE                                                                              ; --            ; --          ; Top        ;
; POWER_BOARD_THERMAL_MODEL           ; None (CONSERVATIVE)                                                                 ; --            ; --          ; --         ;
; POWER_PRESET_COOLING_SOLUTION       ; 23 MM HEAT SINK WITH 200 LFPM AIRFLOW                                               ; --            ; --          ; --         ;
+-------------------------------------+-------------------------------------------------------------------------------------+---------------+-------------+------------+


+-------------------------------------------------------------------------------------------------------------------------------+
; Flow Elapsed Time                                                                                                             ;
+---------------------------+--------------+-------------------------+---------------------+------------------------------------+
; Module Name               ; Elapsed Time ; Average Processors Used ; Peak Virtual Memory ; Total CPU Time (on all processors) ;
+---------------------------+--------------+-------------------------+---------------------+------------------------------------+
; Analysis & Synthesis      ; 00:00:34     ; 1.0                     ; 426 MB              ; 00:00:12                           ;
; Fitter                    ; 00:00:09     ; 1.0                     ; 577 MB              ; 00:00:09                           ;
; Assembler                 ; 00:00:05     ; 1.0                     ; 421 MB              ; 00:00:02                           ;
; TimeQuest Timing Analyzer ; 00:00:11     ; 1.0                     ; 450 MB              ; 00:00:04                           ;
; Total                     ; 00:00:59     ; --                      ; --                  ; 00:00:27                           ;
+---------------------------+--------------+-------------------------+---------------------+------------------------------------+


+----------------------------------------------------------------------------------------+
; Flow OS Summary                                                                        ;
+---------------------------+------------------+-----------+------------+----------------+
; Module Name               ; Machine Hostname ; OS Name   ; OS Version ; Processor type ;
+---------------------------+------------------+-----------+------------+----------------+
; Analysis & Synthesis      ; BA3128WS37       ; Windows 7 ; 6.1        ; x86_64         ;
; Fitter                    ; BA3128WS37       ; Windows 7 ; 6.1        ; x86_64         ;
; Assembler                 ; BA3128WS37       ; Windows 7 ; 6.1        ; x86_64         ;
; TimeQuest Timing Analyzer ; BA3128WS37       ; Windows 7 ; 6.1        ; x86_64         ;
+---------------------------+------------------+-----------+------------+----------------+


------------
; Flow Log ;
------------
quartus_map --read_settings_files=on --write_settings_files=off ship_animation -c ship_animation
quartus_fit --read_settings_files=off --write_settings_files=off ship_animation -c ship_animation
quartus_asm --read_settings_files=off --write_settings_files=off ship_animation -c ship_animation
quartus_sta ship_animation -c ship_animation



